<?xml version="1.0" encoding="UTF-8" ?>
<testsuite failures="0" time="0.307" errors="0" skipped="0" tests="3" name="org.bdigital.tdd.testJavaSample.it.CandidateManagerTestIt">
  <properties>
[...]
</properties>
  <testcase time="0.287" classname="org.bdigital.tdd.testJavaSample.it.CandidateManagerTestIt" name="testExecuteTheCandidatesProcesCouldNotGetCandidates"/>
  <testcase time="0.002" classname="org.bdigital.tdd.testJavaSample.it.CandidateManagerTestIt" name="testExecuteTheCandidatesProcesNotWithoutCandidates"/>
  <testcase time="0.002" classname="org.bdigital.tdd.testJavaSample.it.CandidateManagerTestIt" name="testExecuteTheCandidatesProcesJohn"/>
</testsuite>